<?xml version="1.0" encoding="UTF-8"?>
<testsuite name="ShippingStratigiesTests" tests="1" skipped="0" failures="0" errors="0" timestamp="2024-07-24T00:33:50" hostname="DESKTOP-0OF3D0K" time="0.05">
  <properties/>
  <testcase name="testShipmentUpdate()" classname="ShippingStratigiesTests" time="0.05"/>
  <system-out><![CDATA[]]></system-out>
  <system-err><![CDATA[]]></system-err>
</testsuite>
