<?xml version="1.0" encoding="UTF-8"?>
<testsuite name="FullCycleTest" tests="1" skipped="0" failures="0" errors="0" timestamp="2024-07-17T02:58:45" hostname="DESKTOP-0OF3D0K" time="0.119">
  <properties/>
  <testcase name="testFullCycle()" classname="FullCycleTest" time="0.119"/>
  <system-out><![CDATA[]]></system-out>
  <system-err><![CDATA[]]></system-err>
</testsuite>
