<?xml version="1.0" encoding="UTF-8"?>
<testsuite name="FullCycleTest" tests="1" skipped="0" failures="0" errors="0" timestamp="2024-07-18T16:53:02" hostname="DESKTOP-AI3FHDM" time="1.366">
  <properties/>
  <testcase name="testFullCycle()" classname="FullCycleTest" time="1.366"/>
  <system-out><![CDATA[]]></system-out>
  <system-err><![CDATA[]]></system-err>
</testsuite>
