<?xml version="1.0" encoding="UTF-8"?>
<testsuite name="ShipmentTests" tests="7" skipped="0" failures="0" errors="0" timestamp="2024-07-24T00:53:29" hostname="DESKTOP-0OF3D0K" time="0.018">
  <properties/>
  <testcase name="getUpdates_ReturnsGetUpdates()" classname="ShipmentTests" time="0.001"/>
  <testcase name="getId_ReturnsGetId()" classname="ShipmentTests" time="0.001"/>
  <testcase name="addUpdate_UpdatesStatus()" classname="ShipmentTests" time="0.001"/>
  <testcase name="getLocation_ReturnsGetLocation()" classname="ShipmentTests" time="0.002"/>
  <testcase name="addUpdate_CreatesShipment()" classname="ShipmentTests" time="0.001"/>
  <testcase name="getFormattedExpectedDeliveryDate_ReturnsFormattedDate()" classname="ShipmentTests" time="0.001"/>
  <testcase name="addUpdate_AddsNote()" classname="ShipmentTests" time="0.001"/>
  <system-out><![CDATA[]]></system-out>
  <system-err><![CDATA[]]></system-err>
</testsuite>
