<?xml version="1.0" encoding="UTF-8"?>
<testsuite name="IntegrationTests" tests="1" skipped="0" failures="0" errors="0" timestamp="2024-07-16T07:31:01" hostname="DESKTOP-0OF3D0K" time="0.366">
  <properties/>
  <testcase name="testFullCycle()" classname="IntegrationTests" time="0.366"/>
  <system-out><![CDATA[]]></system-out>
  <system-err><![CDATA[]]></system-err>
</testsuite>
