<?xml version="1.0" encoding="UTF-8"?>
<testsuite name="ShipmentTrackerTests" tests="7" skipped="0" failures="0" errors="0" timestamp="2024-07-23T23:14:07" hostname="DESKTOP-0OF3D0K" time="0.15">
  <properties/>
  <testcase name="testProcessUpdates()" classname="ShipmentTrackerTests" time="0.109"/>
  <testcase name="testStopTracking_Success()" classname="ShipmentTrackerTests" time="0.006"/>
  <testcase name="testInvalidShipmentType()" classname="ShipmentTrackerTests" time="0.022"/>
  <testcase name="testTrackShipment()" classname="ShipmentTrackerTests" time="0.001"/>
  <testcase name="testStopTracking()" classname="ShipmentTrackerTests" time="0.0"/>
  <testcase name="shipmentCard_DisplaysCorrectData()" classname="ShipmentTrackerTests" time="0.002"/>
  <testcase name="testTrackShipment_NonExistingShipment()" classname="ShipmentTrackerTests" time="0.001"/>
  <system-out><![CDATA[]]></system-out>
  <system-err><![CDATA[]]></system-err>
</testsuite>
